<test-run id="2" duration="0.027431900000000002" testcasecount="18" total="18" passed="18" failed="0" inconclusive="0" skipped="0" result="Passed" start-time="2022-02-19T 12:23:40Z" end-time="2022-02-19T 12:23:42Z">
  <test-suite type="Assembly" name="HelloCSharp.Api.Tests.dll" fullname="/home/runner/work/hello-c-sharp/hello-c-sharp/HelloCSharp.Api.Tests/bin/Debug/net6.0/HelloCSharp.Api.Tests.dll" total="18" passed="18" failed="0" inconclusive="0" skipped="0" result="Passed" start-time="2022-02-19T 12:23:41Z" end-time="2022-02-19T 12:23:41Z" duration="0.0274319">
              <test-case name="DisplayNameForAll" fullname="HelloCSharp.Api.Tests.Models.RelationshipTypeTest.DisplayNameForAll" methodname="DisplayNameForAll" classname="RelationshipTypeTest" result="Passed" start-time="2022-02-19T 12:23:41Z" end-time="2022-02-19T 12:23:41Z" duration="0.007236" asserts="0" seed="929019436" />
              <test-case name="MessageForAll" fullname="HelloCSharp.Api.Tests.Models.RelationshipTypeTest.MessageForAll" methodname="MessageForAll" classname="RelationshipTypeTest" result="Passed" start-time="2022-02-19T 12:23:41Z" end-time="2022-02-19T 12:23:41Z" duration="0.000369" asserts="0" seed="1038500820" />
              <test-case name="Opposite(Partners,Partners)" fullname="HelloCSharp.Api.Tests.Models.RelationshipTypeTest.Opposite(Partners,Partners)" methodname="Opposite(Partners,Partners)" classname="RelationshipTypeTest" result="Passed" start-time="2022-02-19T 12:23:41Z" end-time="2022-02-19T 12:23:41Z" duration="0.0170109" asserts="0" seed="1886325480" />
              <test-case name="Opposite(Siblings,Siblings)" fullname="HelloCSharp.Api.Tests.Models.RelationshipTypeTest.Opposite(Siblings,Siblings)" methodname="Opposite(Siblings,Siblings)" classname="RelationshipTypeTest" result="Passed" start-time="2022-02-19T 12:23:41Z" end-time="2022-02-19T 12:23:41Z" duration="7.6E-05" asserts="0" seed="604656302" />
              <test-case name="Opposite(ParentOf,ChildOf)" fullname="HelloCSharp.Api.Tests.Models.RelationshipTypeTest.Opposite(ParentOf,ChildOf)" methodname="Opposite(ParentOf,ChildOf)" classname="RelationshipTypeTest" result="Passed" start-time="2022-02-19T 12:23:41Z" end-time="2022-02-19T 12:23:41Z" duration="8.6E-05" asserts="0" seed="380209605" />
              <test-case name="Opposite(ChildOf,ParentOf)" fullname="HelloCSharp.Api.Tests.Models.RelationshipTypeTest.Opposite(ChildOf,ParentOf)" methodname="Opposite(ChildOf,ParentOf)" classname="RelationshipTypeTest" result="Passed" start-time="2022-02-19T 12:23:41Z" end-time="2022-02-19T 12:23:41Z" duration="6.7E-05" asserts="0" seed="1555217219" />
              <test-case name="Opposite(Hates,null)" fullname="HelloCSharp.Api.Tests.Models.RelationshipTypeTest.Opposite(Hates,null)" methodname="Opposite(Hates,null)" classname="RelationshipTypeTest" result="Passed" start-time="2022-02-19T 12:23:41Z" end-time="2022-02-19T 12:23:41Z" duration="3.6E-05" asserts="0" seed="735392803" />
              <test-case name="OppositeForAll" fullname="HelloCSharp.Api.Tests.Models.RelationshipTypeTest.OppositeForAll" methodname="OppositeForAll" classname="RelationshipTypeTest" result="Passed" start-time="2022-02-19T 12:23:41Z" end-time="2022-02-19T 12:23:41Z" duration="0.001867" asserts="0" seed="1468080592" />
              <test-case name="Stringify(Partners,&quot;Partners&quot;)" fullname="HelloCSharp.Api.Tests.Models.RelationshipTypeTest.Stringify(Partners,&quot;Partners&quot;)" methodname="Stringify(Partners,&quot;Partners&quot;)" classname="RelationshipTypeTest" result="Passed" start-time="2022-02-19T 12:23:41Z" end-time="2022-02-19T 12:23:41Z" duration="0.000156" asserts="0" seed="1348547352" />
              <test-case name="Stringify(Siblings,&quot;Siblings&quot;)" fullname="HelloCSharp.Api.Tests.Models.RelationshipTypeTest.Stringify(Siblings,&quot;Siblings&quot;)" methodname="Stringify(Siblings,&quot;Siblings&quot;)" classname="RelationshipTypeTest" result="Passed" start-time="2022-02-19T 12:23:41Z" end-time="2022-02-19T 12:23:41Z" duration="4.5E-05" asserts="0" seed="1550944186" />
              <test-case name="Stringify(ParentOf,&quot;ParentOf&quot;)" fullname="HelloCSharp.Api.Tests.Models.RelationshipTypeTest.Stringify(ParentOf,&quot;ParentOf&quot;)" methodname="Stringify(ParentOf,&quot;ParentOf&quot;)" classname="RelationshipTypeTest" result="Passed" start-time="2022-02-19T 12:23:41Z" end-time="2022-02-19T 12:23:41Z" duration="2.4E-05" asserts="0" seed="1561741746" />
              <test-case name="Stringify(ChildOf,&quot;ChildOf&quot;)" fullname="HelloCSharp.Api.Tests.Models.RelationshipTypeTest.Stringify(ChildOf,&quot;ChildOf&quot;)" methodname="Stringify(ChildOf,&quot;ChildOf&quot;)" classname="RelationshipTypeTest" result="Passed" start-time="2022-02-19T 12:23:41Z" end-time="2022-02-19T 12:23:41Z" duration="3.1E-05" asserts="0" seed="714165295" />
              <test-case name="Stringify(Hates,&quot;Hates&quot;)" fullname="HelloCSharp.Api.Tests.Models.RelationshipTypeTest.Stringify(Hates,&quot;Hates&quot;)" methodname="Stringify(Hates,&quot;Hates&quot;)" classname="RelationshipTypeTest" result="Passed" start-time="2022-02-19T 12:23:41Z" end-time="2022-02-19T 12:23:41Z" duration="2.2E-05" asserts="0" seed="1767746591" />
              <test-case name="ValueOf(Partners,&quot;Partners&quot;)" fullname="HelloCSharp.Api.Tests.Models.RelationshipTypeTest.ValueOf(Partners,&quot;Partners&quot;)" methodname="ValueOf(Partners,&quot;Partners&quot;)" classname="RelationshipTypeTest" result="Passed" start-time="2022-02-19T 12:23:41Z" end-time="2022-02-19T 12:23:41Z" duration="0.000277" asserts="0" seed="153580197" />
              <test-case name="ValueOf(Siblings,&quot;Siblings&quot;)" fullname="HelloCSharp.Api.Tests.Models.RelationshipTypeTest.ValueOf(Siblings,&quot;Siblings&quot;)" methodname="ValueOf(Siblings,&quot;Siblings&quot;)" classname="RelationshipTypeTest" result="Passed" start-time="2022-02-19T 12:23:41Z" end-time="2022-02-19T 12:23:41Z" duration="4.1E-05" asserts="0" seed="709485733" />
              <test-case name="ValueOf(ParentOf,&quot;ParentOf&quot;)" fullname="HelloCSharp.Api.Tests.Models.RelationshipTypeTest.ValueOf(ParentOf,&quot;ParentOf&quot;)" methodname="ValueOf(ParentOf,&quot;ParentOf&quot;)" classname="RelationshipTypeTest" result="Passed" start-time="2022-02-19T 12:23:41Z" end-time="2022-02-19T 12:23:41Z" duration="3.6E-05" asserts="0" seed="174178116" />
              <test-case name="ValueOf(ChildOf,&quot;ChildOf&quot;)" fullname="HelloCSharp.Api.Tests.Models.RelationshipTypeTest.ValueOf(ChildOf,&quot;ChildOf&quot;)" methodname="ValueOf(ChildOf,&quot;ChildOf&quot;)" classname="RelationshipTypeTest" result="Passed" start-time="2022-02-19T 12:23:41Z" end-time="2022-02-19T 12:23:41Z" duration="2.4E-05" asserts="0" seed="980096351" />
              <test-case name="ValueOf(Hates,&quot;Hates&quot;)" fullname="HelloCSharp.Api.Tests.Models.RelationshipTypeTest.ValueOf(Hates,&quot;Hates&quot;)" methodname="ValueOf(Hates,&quot;Hates&quot;)" classname="RelationshipTypeTest" result="Passed" start-time="2022-02-19T 12:23:41Z" end-time="2022-02-19T 12:23:41Z" duration="2.8E-05" asserts="0" seed="629558548" />
    <errors />
  </test-suite>
</test-run>